<?xml version="1.0" encoding="UTF-8"?>
<!-- Generated by org.testng.reporters.JUnitReportReporter -->
<testsuite hostname="DESKTOP-0IR92JT" failures="0" tests="1" name="loginTest.openFacebook" time="0.177" errors="0" timestamp="2023-09-17T23:39:53 EDT" skipped="0">
  <testcase classname="loginTest.openFacebook" name="logintest" time="0.177"/>
  <system-out/>
</testsuite> <!-- loginTest.openFacebook -->
